<?xml version="1.0" encoding="UTF-8"?>
<!-- Generated by org.testng.reporters.JUnitReportReporter -->
<testsuite skipped="0" hostname="LAPTOP-MQAE53GM" name="org.example.TestSuit" tests="2" failures="0" timestamp="2022-06-25T16:00:55 BST" time="48.344" errors="0">
  <testcase name="UserShouldBeAbleToRegisterSuccessfullyAndVerifyRegistrationMessage" time="24.447" classname="org.example.TestSuit"/>
  <system-out/>
  <testcase name="UserShouldBeAbleToVoteAndVerifyVotes" time="23.897" classname="org.example.TestSuit"/>
  <system-out/>
</testsuite> <!-- org.example.TestSuit -->
